\BOOKMARK [1][-]{section.1}{Introduction}{}% 1
\BOOKMARK [2][-]{subsection.1.1}{Boundaries}{section.1}% 2
\BOOKMARK [1][-]{section.2}{Janus-like\040Language\040Definition}{}% 3
\BOOKMARK [2][-]{subsection.2.1}{Data\040Types}{section.2}% 4
\BOOKMARK [2][-]{subsection.2.2}{Declaration\040of\040Variables}{section.2}% 5
\BOOKMARK [2][-]{subsection.2.3}{Modification\040Arithmetics}{section.2}% 6
\BOOKMARK [2][-]{subsection.2.4}{Arithmetics}{section.2}% 7
\BOOKMARK [2][-]{subsection.2.5}{If\040Statements}{section.2}% 8
\BOOKMARK [2][-]{subsection.2.6}{Loops}{section.2}% 9
\BOOKMARK [2][-]{subsection.2.7}{Procedures}{section.2}% 10
\BOOKMARK [2][-]{subsection.2.8}{Formal\040Definition\040of\040Syntax}{section.2}% 11
\BOOKMARK [1][-]{section.3}{Theorem\040Prover}{}% 12
\BOOKMARK [2][-]{subsection.3.1}{Theorem\040Prover\040Versus\040Other\040Alternatives}{section.3}% 13
\BOOKMARK [2][-]{subsection.3.2}{Choosing\040Theorem\040Prover}{section.3}% 14
\BOOKMARK [1][-]{section.4}{Compiler\040Structure}{}% 15
\BOOKMARK [2][-]{subsection.4.1}{Lexer}{section.4}% 16
\BOOKMARK [2][-]{subsection.4.2}{Parser}{section.4}% 17
\BOOKMARK [2][-]{subsection.4.3}{Optimization}{section.4}% 18
\BOOKMARK [3][-]{subsubsection.4.3.1}{Language\040Constructs\040Introducing\040Asseritons}{subsection.4.3}% 19
\BOOKMARK [3][-]{subsubsection.4.3.2}{Gathering\040Information\040for\040Z3}{subsection.4.3}% 20
\BOOKMARK [3][-]{subsubsection.4.3.3}{Translating\040to\040Z3}{subsection.4.3}% 21
\BOOKMARK [2][-]{subsection.4.4}{Translation\040to\040C++}{section.4}% 22
\BOOKMARK [1][-]{section.5}{Testing\040of\040Compiler}{}% 23
\BOOKMARK [1][-]{section.6}{Benchmark\040of\040Compiled\040Code}{}% 24
\BOOKMARK [1][-]{section.7}{Packing\040Compiler}{}% 25
\BOOKMARK [2][-]{subsection.7.1}{Compiler\040Package\040and\040Usage}{section.7}% 26
\BOOKMARK [2][-]{subsection.7.2}{Web\040Interface\040for\040Compiler}{section.7}% 27
\BOOKMARK [1][-]{section.8}{Reflection\040Over\040Project}{}% 28
\BOOKMARK [1][-]{section.9}{Conclusion}{}% 29
\BOOKMARK [1][-]{section.10}{References}{}% 30
\BOOKMARK [1][-]{section.11}{Appendices}{}% 31
